TN:
SF:server/index.js
FNF:0
FNH:0
DA:1,1
DA:2,1
DA:3,1
DA:4,1
DA:5,1
DA:6,1
DA:7,1
DA:8,1
DA:9,1
DA:10,1
DA:11,1
DA:12,1
DA:13,4
DA:14,4
DA:15,1
DA:16,1
DA:17,1
LF:17
LH:17
BRDA:7,0,0,0
BRDA:12,1,0,4
BRF:2
BRH:1
end_of_record
TN:
SF:server/routes.js
FNF:0
FNH:0
DA:1,1
DA:2,1
DA:3,1
DA:4,1
DA:5,1
DA:6,0
DA:7,0
DA:8,0
DA:9,1
DA:10,1
DA:11,1
DA:12,1
DA:13,1
DA:14,1
DA:15,1
DA:16,1
DA:17,1
DA:18,1
DA:19,1
DA:20,1
DA:21,1
DA:22,1
LF:22
LH:19
BRF:0
BRH:0
end_of_record
TN:
SF:server/controllers/index.js
FNF:0
FNH:0
DA:1,1
LF:1
LH:1
BRF:0
BRH:0
end_of_record
TN:
SF:server/controllers/products.js
FN:4,get
FN:18,getOne
FN:29,getStyles
FN:42,getRelated
FNF:4
FNH:4
FNDA:1,get
FNDA:1,getOne
FNDA:1,getStyles
FNDA:1,getRelated
DA:1,1
DA:2,1
DA:3,1
DA:4,1
DA:5,1
DA:6,1
DA:7,1
DA:8,1
DA:9,1
DA:10,1
DA:11,1
DA:12,1
DA:13,1
DA:14,0
DA:15,0
DA:16,1
DA:17,1
DA:18,1
DA:19,1
DA:20,1
DA:21,1
DA:22,1
DA:23,1
DA:24,1
DA:25,0
DA:26,0
DA:27,1
DA:28,1
DA:29,1
DA:30,1
DA:31,1
DA:32,1
DA:33,1
DA:34,1
DA:35,1
DA:36,1
DA:37,1
DA:38,0
DA:39,0
DA:40,1
DA:41,1
DA:42,1
DA:43,1
DA:44,1
DA:45,1
DA:46,1
DA:47,1
DA:48,0
DA:49,0
DA:50,1
DA:51,1
DA:52,1
LF:52
LH:44
BRDA:4,0,0,1
BRDA:9,1,0,1
BRDA:18,2,0,1
BRDA:20,3,0,1
BRDA:29,4,0,1
BRDA:31,5,0,1
BRDA:42,6,0,1
BRDA:44,7,0,1
BRF:8
BRH:8
end_of_record
TN:
SF:server/db/index.js
FN:10,query
FNF:1
FNH:0
FNDA:0,query
DA:1,1
DA:2,1
DA:3,1
DA:4,1
DA:5,1
DA:6,1
DA:7,1
DA:8,1
DA:9,1
DA:10,1
DA:11,0
DA:12,0
DA:13,1
LF:13
LH:11
BRF:0
BRH:0
end_of_record
TN:
SF:server/models/index.js
FNF:0
FNH:0
DA:1,1
LF:1
LH:1
BRF:0
BRH:0
end_of_record
TN:
SF:server/models/products.js
FN:4,getAll
FN:14,getOne
FN:21,getStyles
FN:37,getRelated
FN:41,getProductsCount
FNF:5
FNH:4
FNDA:1,getAll
FNDA:1,getOne
FNDA:1,getStyles
FNDA:1,getRelated
FNDA:0,getProductsCount
DA:1,1
DA:2,1
DA:3,1
DA:4,1
DA:5,1
DA:6,1
DA:7,1
DA:8,1
DA:9,1
DA:10,1
DA:11,1
DA:12,1
DA:13,1
DA:14,1
DA:15,1
DA:16,1
DA:17,1
DA:18,1
DA:19,1
DA:20,1
DA:21,1
DA:22,1
DA:23,1
DA:24,1
DA:25,1
DA:26,1
DA:27,1
DA:28,1
DA:29,1
DA:30,1
DA:31,1
DA:32,1
DA:33,1
DA:34,1
DA:35,1
DA:36,1
DA:37,1
DA:38,1
DA:39,1
DA:40,1
DA:41,1
DA:42,0
DA:43,0
DA:44,0
DA:45,0
DA:46,0
DA:47,0
DA:48,0
DA:49,0
DA:50,1
LF:50
LH:42
BRDA:4,0,0,1
BRDA:9,1,0,1
BRDA:14,2,0,1
BRDA:16,3,0,1
BRDA:21,4,0,1
BRDA:32,5,0,1
BRDA:37,6,0,1
BRDA:39,7,0,1
BRF:8
BRH:8
end_of_record
